<?xml version="1.0" encoding="UTF-8"?>
<!-- Generated by org.testng.reporters.JUnitReportReporter -->
<testsuite hostname="user" name="testCases.TestCase1" tests="1" failures="0" timestamp="23 Sep 2016 07:27:03 GMT" time="12.687" errors="0">
  <testcase name="to_check_contactUs_functionality" time="12.687" classname="testCases.TestCase1"/>
</testsuite> <!-- testCases.TestCase1 -->
