<?xml version="1.0" encoding="UTF-8"?>
<!-- Generated by org.testng.reporters.JUnitReportReporter -->
<testsuite hostname="user" name="pageObjects.Login_page" tests="1" failures="0" timestamp="21 Sep 2016 10:04:23 GMT" time="3.785" errors="0">
  <testcase name="To_Test_Login_Functionality" time="3.785" classname="pageObjects.Login_page"/>
</testsuite> <!-- pageObjects.Login_page -->
