<?xml version="1.0" encoding="UTF-8"?>
<!-- Generated by org.testng.reporters.JUnitReportReporter -->
<testsuite hostname="user" name="core.FacebookCore" tests="1" failures="0" timestamp="21 Sep 2016 06:30:01 GMT" time="128.534" errors="0">
  <testcase name="login" time="128.534" classname="core.FacebookCore"/>
</testsuite> <!-- core.FacebookCore -->
